# JRE version: OpenJDK Runtime Environment (8.0_76-b03) (build 1.8.0_76-release-b03)
# Java VM: OpenJDK 64-Bit Server VM (25.76-b03 mixed mode windows-amd64 compressed oops)
Heap:
 PSYoungGen      total 402944K, used 162749K [0x00000000e0000000, 0x0000000100000000, 0x0000000100000000)
  eden space 281600K, 57% used [0x00000000e0000000,0x00000000e9eef7e0,0x00000000f1300000)
  from space 121344K, 0% used [0x00000000f1300000,0x00000000f1300000,0x00000000f8980000)
  to   space 118272K, 0% used [0x00000000f8c80000,0x00000000f8c80000,0x0000000100000000)
 ParOldGen       total 210432K, used 110546K [0x00000000a0000000, 0x00000000acd80000, 0x00000000e0000000)
  object space 210432K, 52% used [0x00000000a0000000,0x00000000a6bf48e0,0x00000000acd80000)
 Metaspace       used 67121K, capacity 68968K, committed 69248K, reserved 1110016K
  class space    used 8433K, capacity 8807K, committed 8832K, reserved 1048576K
GC Heap History (10 events):
Event: 104.636 GC heap before
{Heap before GC invocations=30 (full 4):
 PSYoungGen      total 437248K, used 397853K [0x00000000e0000000, 0x0000000100000000, 0x0000000100000000)
  eden space 350208K, 100% used [0x00000000e0000000,0x00000000f5600000,0x00000000f5600000)
  from space 87040K, 54% used [0x00000000f5600000,0x00000000f8487490,0x00000000fab00000)
  to   space 87040K, 0% used [0x00000000fab00000,0x00000000fab00000,0x0000000100000000)
 ParOldGen       total 146432K, used 67642K [0x00000000a0000000, 0x00000000a8f00000, 0x00000000e0000000)
  object space 146432K, 46% used [0x00000000a0000000,0x00000000a420e820,0x00000000a8f00000)
 Metaspace       used 67101K, capacity 68968K, committed 69248K, reserved 1110016K
  class space    used 8433K, capacity 8807K, committed 8832K, reserved 1048576K
Event: 104.804 GC heap after
Heap after GC invocations=30 (full 4):
 PSYoungGen      total 414720K, used 79195K [0x00000000e0000000, 0x0000000100000000, 0x0000000100000000)
  eden space 327680K, 0% used [0x00000000e0000000,0x00000000e0000000,0x00000000f4000000)
  from space 87040K, 90% used [0x00000000fab00000,0x00000000ff856cc8,0x0000000100000000)
  to   space 98304K, 0% used [0x00000000f4000000,0x00000000f4000000,0x00000000fa000000)
 ParOldGen       total 146432K, used 67642K [0x00000000a0000000, 0x00000000a8f00000, 0x00000000e0000000)
  object space 146432K, 46% used [0x00000000a0000000,0x00000000a420e820,0x00000000a8f00000)
 Metaspace       used 67101K, capacity 68968K, committed 69248K, reserved 1110016K
  class space    used 8433K, capacity 8807K, committed 8832K, reserved 1048576K
}
Event: 106.680 GC heap before
{Heap before GC invocations=31 (full 4):
 PSYoungGen      total 414720K, used 406875K [0x00000000e0000000, 0x0000000100000000, 0x0000000100000000)
  eden space 327680K, 100% used [0x00000000e0000000,0x00000000f4000000,0x00000000f4000000)
  from space 87040K, 90% used [0x00000000fab00000,0x00000000ff856cc8,0x0000000100000000)
  to   space 98304K, 0% used [0x00000000f4000000,0x00000000f4000000,0x00000000fa000000)
 ParOldGen       total 146432K, used 67642K [0x00000000a0000000, 0x00000000a8f00000, 0x00000000e0000000)
  object space 146432K, 46% used [0x00000000a0000000,0x00000000a420e820,0x00000000a8f00000)
 Metaspace       used 67107K, capacity 68968K, committed 69248K, reserved 1110016K
  class space    used 8433K, capacity 8807K, committed 8832K, reserved 1048576K
Event: 108.323 GC heap after
Heap after GC invocations=31 (full 4):
 PSYoungGen      total 425984K, used 98301K [0x00000000e0000000, 0x0000000100000000, 0x0000000100000000)
  eden space 327680K, 0% used [0x00000000e0000000,0x00000000e0000000,0x00000000f4000000)
  from space 98304K, 99% used [0x00000000f4000000,0x00000000f9fff700,0x00000000fa000000)
  to   space 98304K, 0% used [0x00000000fa000000,0x00000000fa000000,0x0000000100000000)
 ParOldGen       total 146432K, used 76617K [0x00000000a0000000, 0x00000000a8f00000, 0x00000000e0000000)
  object space 146432K, 52% used [0x00000000a0000000,0x00000000a4ad2430,0x00000000a8f00000)
 Metaspace       used 67107K, capacity 68968K, committed 69248K, reserved 1110016K
  class space    used 8433K, capacity 8807K, committed 8832K, reserved 1048576K
}
Event: 112.112 GC heap before
{Heap before GC invocations=32 (full 4):
 PSYoungGen      total 425984K, used 425981K [0x00000000e0000000, 0x0000000100000000, 0x0000000100000000)
  eden space 327680K, 100% used [0x00000000e0000000,0x00000000f4000000,0x00000000f4000000)
  from space 98304K, 99% used [0x00000000f4000000,0x00000000f9fff700,0x00000000fa000000)
  to   space 98304K, 0% used [0x00000000fa000000,0x00000000fa000000,0x0000000100000000)
 ParOldGen       total 146432K, used 76617K [0x00000000a0000000, 0x00000000a8f00000, 0x00000000e0000000)
  object space 146432K, 52% used [0x00000000a0000000,0x00000000a4ad2430,0x00000000a8f00000)
 Metaspace       used 67112K, capacity 68968K, committed 69248K, reserved 1110016K
  class space    used 8433K, capacity 8807K, committed 8832K, reserved 1048576K
Event: 112.359 GC heap after
Heap after GC invocations=32 (full 4):
 PSYoungGen      total 379904K, used 76495K [0x00000000e0000000, 0x0000000100000000, 0x0000000100000000)
  eden space 281600K, 0% used [0x00000000e0000000,0x00000000e0000000,0x00000000f1300000)
  from space 98304K, 77% used [0x00000000fa000000,0x00000000feab3d30,0x0000000100000000)
  to   space 121344K, 0% used [0x00000000f1300000,0x00000000f1300000,0x00000000f8980000)
 ParOldGen       total 146432K, used 106434K [0x00000000a0000000, 0x00000000a8f00000, 0x00000000e0000000)
  object space 146432K, 72% used [0x00000000a0000000,0x00000000a67f0b10,0x00000000a8f00000)
 Metaspace       used 67112K, capacity 68968K, committed 69248K, reserved 1110016K
  class space    used 8433K, capacity 8807K, committed 8832K, reserved 1048576K
}
Event: 113.772 GC heap before
{Heap before GC invocations=33 (full 4):
 PSYoungGen      total 379904K, used 358095K [0x00000000e0000000, 0x0000000100000000, 0x0000000100000000)
  eden space 281600K, 100% used [0x00000000e0000000,0x00000000f1300000,0x00000000f1300000)
  from space 98304K, 77% used [0x00000000fa000000,0x00000000feab3d30,0x0000000100000000)
  to   space 121344K, 0% used [0x00000000f1300000,0x00000000f1300000,0x00000000f8980000)
 ParOldGen       total 146432K, used 106434K [0x00000000a0000000, 0x00000000a8f00000, 0x00000000e0000000)
  object space 146432K, 72% used [0x00000000a0000000,0x00000000a67f0b10,0x00000000a8f00000)
 Metaspace       used 67115K, capacity 68968K, committed 69248K, reserved 1110016K
  class space    used 8433K, capacity 8807K, committed 8832K, reserved 1048576K
Event: 114.006 GC heap after
Heap after GC invocations=33 (full 4):
 PSYoungGen      total 402944K, used 26030K [0x00000000e0000000, 0x0000000100000000, 0x0000000100000000)
  eden space 281600K, 0% used [0x00000000e0000000,0x00000000e0000000,0x00000000f1300000)
  from space 121344K, 21% used [0x00000000f1300000,0x00000000f2c6b8d0,0x00000000f8980000)
  to   space 118272K, 0% used [0x00000000f8c80000,0x00000000f8c80000,0x0000000100000000)
 ParOldGen       total 146432K, used 145780K [0x00000000a0000000, 0x00000000a8f00000, 0x00000000e0000000)
  object space 146432K, 99% used [0x00000000a0000000,0x00000000a8e5d168,0x00000000a8f00000)
 Metaspace       used 67115K, capacity 68968K, committed 69248K, reserved 1110016K
  class space    used 8433K, capacity 8807K, committed 8832K, reserved 1048576K
}
Event: 114.006 GC heap before
{Heap before GC invocations=34 (full 5):
 PSYoungGen      total 402944K, used 26030K [0x00000000e0000000, 0x0000000100000000, 0x0000000100000000)
  eden space 281600K, 0% used [0x00000000e0000000,0x00000000e0000000,0x00000000f1300000)
  from space 121344K, 21% used [0x00000000f1300000,0x00000000f2c6b8d0,0x00000000f8980000)
  to   space 118272K, 0% used [0x00000000f8c80000,0x00000000f8c80000,0x0000000100000000)
 ParOldGen       total 146432K, used 145780K [0x00000000a0000000, 0x00000000a8f00000, 0x00000000e0000000)
  object space 146432K, 99% used [0x00000000a0000000,0x00000000a8e5d168,0x00000000a8f00000)
 Metaspace       used 67115K, capacity 68968K, committed 69248K, reserved 1110016K
  class space    used 8433K, capacity 8807K, committed 8832K, reserved 1048576K
Event: 115.146 GC heap after
Heap after GC invocations=34 (full 5):
 PSYoungGen      total 402944K, used 0K [0x00000000e0000000, 0x0000000100000000, 0x0000000100000000)
  eden space 281600K, 0% used [0x00000000e0000000,0x00000000e0000000,0x00000000f1300000)
  from space 121344K, 0% used [0x00000000f1300000,0x00000000f1300000,0x00000000f8980000)
  to   space 118272K, 0% used [0x00000000f8c80000,0x00000000f8c80000,0x0000000100000000)
 ParOldGen       total 210432K, used 110546K [0x00000000a0000000, 0x00000000acd80000, 0x00000000e0000000)
  object space 210432K, 52% used [0x00000000a0000000,0x00000000a6bf48e0,0x00000000acd80000)
 Metaspace       used 67115K, capacity 68968K, committed 69248K, reserved 1110016K
  class space    used 8433K, capacity 8807K, committed 8832K, reserved 1048576K
}

