# JRE version: OpenJDK Runtime Environment (8.0_76-b03) (build 1.8.0_76-release-b03)
# Java VM: OpenJDK 64-Bit Server VM (25.76-b03 mixed mode windows-amd64 compressed oops)
Heap:
 PSYoungGen      total 387584K, used 57566K [0x00000000e0000000, 0x00000000ffc80000, 0x0000000100000000)
  eden space 262144K, 15% used [0x00000000e0000000,0x00000000e2779998,0x00000000f0000000)
  from space 125440K, 13% used [0x00000000f7800000,0x00000000f88be0f8,0x00000000ff280000)
  to   space 122880K, 0% used [0x00000000f0000000,0x00000000f0000000,0x00000000f7800000)
 ParOldGen       total 227840K, used 68279K [0x00000000a0000000, 0x00000000ade80000, 0x00000000e0000000)
  object space 227840K, 29% used [0x00000000a0000000,0x00000000a42add58,0x00000000ade80000)
 Metaspace       used 79393K, capacity 83138K, committed 83248K, reserved 1122304K
  class space    used 10000K, capacity 10785K, committed 10800K, reserved 1048576K
GC Heap History (10 events):
Event: 726.622 GC heap before
{Heap before GC invocations=45 (full 6):
 PSYoungGen      total 380416K, used 268831K [0x00000000e0000000, 0x0000000100000000, 0x0000000100000000)
  eden space 246272K, 100% used [0x00000000e0000000,0x00000000ef080000,0x00000000ef080000)
  from space 134144K, 16% used [0x00000000f7280000,0x00000000f8887d48,0x00000000ff580000)
  to   space 133120K, 0% used [0x00000000ef080000,0x00000000ef080000,0x00000000f7280000)
 ParOldGen       total 227840K, used 164590K [0x00000000a0000000, 0x00000000ade80000, 0x00000000e0000000)
  object space 227840K, 72% used [0x00000000a0000000,0x00000000aa0bb8d8,0x00000000ade80000)
 Metaspace       used 79199K, capacity 82788K, committed 82992K, reserved 1122304K
  class space    used 9974K, capacity 10744K, committed 10800K, reserved 1048576K
Event: 727.007 GC heap after
Heap after GC invocations=45 (full 6):
 PSYoungGen      total 379392K, used 19927K [0x00000000e0000000, 0x00000000ffc00000, 0x0000000100000000)
  eden space 246272K, 0% used [0x00000000e0000000,0x00000000e0000000,0x00000000ef080000)
  from space 133120K, 14% used [0x00000000ef080000,0x00000000f03f5f48,0x00000000f7280000)
  to   space 131584K, 0% used [0x00000000f7b80000,0x00000000f7b80000,0x00000000ffc00000)
 ParOldGen       total 227840K, used 175484K [0x00000000a0000000, 0x00000000ade80000, 0x00000000e0000000)
  object space 227840K, 77% used [0x00000000a0000000,0x00000000aab5f320,0x00000000ade80000)
 Metaspace       used 79199K, capacity 82788K, committed 82992K, reserved 1122304K
  class space    used 9974K, capacity 10744K, committed 10800K, reserved 1048576K
}
Event: 727.925 GC heap before
{Heap before GC invocations=46 (full 6):
 PSYoungGen      total 379392K, used 266199K [0x00000000e0000000, 0x00000000ffc00000, 0x0000000100000000)
  eden space 246272K, 100% used [0x00000000e0000000,0x00000000ef080000,0x00000000ef080000)
  from space 133120K, 14% used [0x00000000ef080000,0x00000000f03f5f48,0x00000000f7280000)
  to   space 131584K, 0% used [0x00000000f7b80000,0x00000000f7b80000,0x00000000ffc00000)
 ParOldGen       total 227840K, used 175484K [0x00000000a0000000, 0x00000000ade80000, 0x00000000e0000000)
  object space 227840K, 77% used [0x00000000a0000000,0x00000000aab5f320,0x00000000ade80000)
 Metaspace       used 79199K, capacity 82788K, committed 82992K, reserved 1122304K
  class space    used 9974K, capacity 10744K, committed 10800K, reserved 1048576K
Event: 728.110 GC heap after
Heap after GC invocations=46 (full 6):
 PSYoungGen      total 378368K, used 51443K [0x00000000e0000000, 0x00000000fef80000, 0x0000000100000000)
  eden space 259584K, 0% used [0x00000000e0000000,0x00000000e0000000,0x00000000efd80000)
  from space 118784K, 43% used [0x00000000f7b80000,0x00000000fadbcd68,0x00000000fef80000)
  to   space 123904K, 0% used [0x00000000efd80000,0x00000000efd80000,0x00000000f7680000)
 ParOldGen       total 227840K, used 180898K [0x00000000a0000000, 0x00000000ade80000, 0x00000000e0000000)
  object space 227840K, 79% used [0x00000000a0000000,0x00000000ab0a8920,0x00000000ade80000)
 Metaspace       used 79199K, capacity 82788K, committed 82992K, reserved 1122304K
  class space    used 9974K, capacity 10744K, committed 10800K, reserved 1048576K
}
Event: 729.322 GC heap before
{Heap before GC invocations=47 (full 6):
 PSYoungGen      total 378368K, used 191630K [0x00000000e0000000, 0x00000000fef80000, 0x0000000100000000)
  eden space 259584K, 54% used [0x00000000e0000000,0x00000000e88e6e50,0x00000000efd80000)
  from space 118784K, 43% used [0x00000000f7b80000,0x00000000fadbcd68,0x00000000fef80000)
  to   space 123904K, 0% used [0x00000000efd80000,0x00000000efd80000,0x00000000f7680000)
 ParOldGen       total 227840K, used 180898K [0x00000000a0000000, 0x00000000ade80000, 0x00000000e0000000)
  object space 227840K, 79% used [0x00000000a0000000,0x00000000ab0a8920,0x00000000ade80000)
 Metaspace       used 79213K, capacity 82858K, committed 82992K, reserved 1122304K
  class space    used 9975K, capacity 10745K, committed 10800K, reserved 1048576K
Event: 729.331 GC heap after
Heap after GC invocations=47 (full 6):
 PSYoungGen      total 383488K, used 160K [0x00000000e0000000, 0x00000000ff280000, 0x0000000100000000)
  eden space 259584K, 0% used [0x00000000e0000000,0x00000000e0000000,0x00000000efd80000)
  from space 123904K, 0% used [0x00000000efd80000,0x00000000efda8000,0x00000000f7680000)
  to   space 125440K, 0% used [0x00000000f7800000,0x00000000f7800000,0x00000000ff280000)
 ParOldGen       total 227840K, used 181664K [0x00000000a0000000, 0x00000000ade80000, 0x00000000e0000000)
  object space 227840K, 79% used [0x00000000a0000000,0x00000000ab168018,0x00000000ade80000)
 Metaspace       used 79213K, capacity 82858K, committed 82992K, reserved 1122304K
  class space    used 9975K, capacity 10745K, committed 10800K, reserved 1048576K
}
Event: 729.347 GC heap before
{Heap before GC invocations=48 (full 7):
 PSYoungGen      total 383488K, used 160K [0x00000000e0000000, 0x00000000ff280000, 0x0000000100000000)
  eden space 259584K, 0% used [0x00000000e0000000,0x00000000e0000000,0x00000000efd80000)
  from space 123904K, 0% used [0x00000000efd80000,0x00000000efda8000,0x00000000f7680000)
  to   space 125440K, 0% used [0x00000000f7800000,0x00000000f7800000,0x00000000ff280000)
 ParOldGen       total 227840K, used 181664K [0x00000000a0000000, 0x00000000ade80000, 0x00000000e0000000)
  object space 227840K, 79% used [0x00000000a0000000,0x00000000ab168018,0x00000000ade80000)
 Metaspace       used 79213K, capacity 82858K, committed 82992K, reserved 1122304K
  class space    used 9975K, capacity 10745K, committed 10800K, reserved 1048576K
Event: 730.295 GC heap after
Heap after GC invocations=48 (full 7):
 PSYoungGen      total 383488K, used 0K [0x00000000e0000000, 0x00000000ff280000, 0x0000000100000000)
  eden space 259584K, 0% used [0x00000000e0000000,0x00000000e0000000,0x00000000efd80000)
  from space 123904K, 0% used [0x00000000efd80000,0x00000000efd80000,0x00000000f7680000)
  to   space 125440K, 0% used [0x00000000f7800000,0x00000000f7800000,0x00000000ff280000)
 ParOldGen       total 227840K, used 68271K [0x00000000a0000000, 0x00000000ade80000, 0x00000000e0000000)
  object space 227840K, 29% used [0x00000000a0000000,0x00000000a42abd58,0x00000000ade80000)
 Metaspace       used 79213K, capacity 82858K, committed 82992K, reserved 1122304K
  class space    used 9975K, capacity 10745K, committed 10800K, reserved 1048576K
}
Event: 1324.346 GC heap before
{Heap before GC invocations=49 (full 7):
 PSYoungGen      total 383488K, used 259584K [0x00000000e0000000, 0x00000000ff280000, 0x0000000100000000)
  eden space 259584K, 100% used [0x00000000e0000000,0x00000000efd80000,0x00000000efd80000)
  from space 123904K, 0% used [0x00000000efd80000,0x00000000efd80000,0x00000000f7680000)
  to   space 125440K, 0% used [0x00000000f7800000,0x00000000f7800000,0x00000000ff280000)
 ParOldGen       total 227840K, used 68271K [0x00000000a0000000, 0x00000000ade80000, 0x00000000e0000000)
  object space 227840K, 29% used [0x00000000a0000000,0x00000000a42abd58,0x00000000ade80000)
 Metaspace       used 79387K, capacity 83138K, committed 83248K, reserved 1122304K
  class space    used 10000K, capacity 10785K, committed 10800K, reserved 1048576K
Event: 1324.444 GC heap after
Heap after GC invocations=49 (full 7):
 PSYoungGen      total 387584K, used 17144K [0x00000000e0000000, 0x00000000ffc80000, 0x0000000100000000)
  eden space 262144K, 0% used [0x00000000e0000000,0x00000000e0000000,0x00000000f0000000)
  from space 125440K, 13% used [0x00000000f7800000,0x00000000f88be0f8,0x00000000ff280000)
  to   space 122880K, 0% used [0x00000000f0000000,0x00000000f0000000,0x00000000f7800000)
 ParOldGen       total 227840K, used 68279K [0x00000000a0000000, 0x00000000ade80000, 0x00000000e0000000)
  object space 227840K, 29% used [0x00000000a0000000,0x00000000a42add58,0x00000000ade80000)
 Metaspace       used 79387K, capacity 83138K, committed 83248K, reserved 1122304K
  class space    used 10000K, capacity 10785K, committed 10800K, reserved 1048576K
}

